build/intermediates/manifest_merge_blame_file/debug/manifest-merger-blame-debug-report.txt
1<?xml version="1.0" encoding="utf-8"?>
2<manifest xmlns:android="http://schemas.android.com/apk/res/android"
3    package="com.dainik.ghazipur"
4    android:versionCode="8388610"
5    android:versionName="2.0" >
6
7    <uses-sdk
8        android:minSdkVersion="16"
9        android:targetSdkVersion="30" />
10
11    <uses-permission android:name="android.permission.SYSTEM_ALERT_WINDOW" />
11-->src\debug\AndroidManifest.xml:5:5-77
11-->src\debug\AndroidManifest.xml:5:22-75
12    <uses-permission android:name="android.permission.INTERNET" />
12-->src\main\AndroidManifest.xml:3:3-65
12-->src\main\AndroidManifest.xml:3:20-62
13    <uses-permission android:name="android.permission.RECEIVE_BOOT_COMPLETED" />
13-->src\main\AndroidManifest.xml:4:3-79
13-->src\main\AndroidManifest.xml:4:20-76
14    <uses-permission android:name="android.permission.VIBRATE" />
14-->src\main\AndroidManifest.xml:5:3-64
14-->src\main\AndroidManifest.xml:5:20-61
15    <uses-permission android:name="android.permission.ACCESS_WIFI_STATE" />
15-->[com.facebook.flipper:flipper:0.33.1] AndroidManifest.xml:16:5-76
15-->[com.facebook.flipper:flipper:0.33.1] AndroidManifest.xml:16:22-73
16    <uses-permission android:name="android.permission.WAKE_LOCK" />
16-->[:react-native-firebase_messaging] AndroidManifest.xml:12:5-68
16-->[:react-native-firebase_messaging] AndroidManifest.xml:12:22-65
17    <uses-permission android:name="android.permission.ACCESS_NETWORK_STATE" /> <!-- Required by older versions of Google Play services to create IID tokens -->
17-->[:react-native-firebase_messaging] AndroidManifest.xml:13:5-79
17-->[:react-native-firebase_messaging] AndroidManifest.xml:13:22-76
18    <uses-permission android:name="com.google.android.c2dm.permission.RECEIVE" /> <!-- for android -->
18-->[com.google.firebase:firebase-iid:20.2.1] AndroidManifest.xml:26:5-82
18-->[com.google.firebase:firebase-iid:20.2.1] AndroidManifest.xml:26:22-79
19    <!-- <uses-permission android:name="com.android.launcher.permission.READ_SETTINGS"/> -->
20    <!-- <uses-permission android:name="com.android.launcher.permission.WRITE_SETTINGS"/> -->
21    <!-- <uses-permission android:name="com.android.launcher.permission.INSTALL_SHORTCUT" /> -->
22    <!-- <uses-permission android:name="com.android.launcher.permission.UNINSTALL_SHORTCUT" /> -->
23    <!-- for Samsung -->
24    <uses-permission android:name="com.sec.android.provider.badge.permission.READ" />
24-->[me.leolin:ShortcutBadger:1.1.21] AndroidManifest.xml:19:5-86
24-->[me.leolin:ShortcutBadger:1.1.21] AndroidManifest.xml:19:22-83
25    <uses-permission android:name="com.sec.android.provider.badge.permission.WRITE" /> <!-- for htc -->
25-->[me.leolin:ShortcutBadger:1.1.21] AndroidManifest.xml:20:5-87
25-->[me.leolin:ShortcutBadger:1.1.21] AndroidManifest.xml:20:22-84
26    <uses-permission android:name="com.htc.launcher.permission.READ_SETTINGS" />
26-->[me.leolin:ShortcutBadger:1.1.21] AndroidManifest.xml:23:5-81
26-->[me.leolin:ShortcutBadger:1.1.21] AndroidManifest.xml:23:22-78
27    <uses-permission android:name="com.htc.launcher.permission.UPDATE_SHORTCUT" /> <!-- for sony -->
27-->[me.leolin:ShortcutBadger:1.1.21] AndroidManifest.xml:24:5-83
27-->[me.leolin:ShortcutBadger:1.1.21] AndroidManifest.xml:24:22-80
28    <uses-permission android:name="com.sonyericsson.home.permission.BROADCAST_BADGE" />
28-->[me.leolin:ShortcutBadger:1.1.21] AndroidManifest.xml:27:5-88
28-->[me.leolin:ShortcutBadger:1.1.21] AndroidManifest.xml:27:22-85
29    <uses-permission android:name="com.sonymobile.home.permission.PROVIDER_INSERT_BADGE" /> <!-- for apex -->
29-->[me.leolin:ShortcutBadger:1.1.21] AndroidManifest.xml:28:5-92
29-->[me.leolin:ShortcutBadger:1.1.21] AndroidManifest.xml:28:22-89
30    <uses-permission android:name="com.anddoes.launcher.permission.UPDATE_COUNT" /> <!-- for solid -->
30-->[me.leolin:ShortcutBadger:1.1.21] AndroidManifest.xml:31:5-84
30-->[me.leolin:ShortcutBadger:1.1.21] AndroidManifest.xml:31:22-81
31    <uses-permission android:name="com.majeur.launcher.permission.UPDATE_BADGE" /> <!-- for huawei -->
31-->[me.leolin:ShortcutBadger:1.1.21] AndroidManifest.xml:34:5-83
31-->[me.leolin:ShortcutBadger:1.1.21] AndroidManifest.xml:34:22-80
32    <uses-permission android:name="com.huawei.android.launcher.permission.CHANGE_BADGE" />
32-->[me.leolin:ShortcutBadger:1.1.21] AndroidManifest.xml:37:5-91
32-->[me.leolin:ShortcutBadger:1.1.21] AndroidManifest.xml:37:22-88
33    <uses-permission android:name="com.huawei.android.launcher.permission.READ_SETTINGS" />
33-->[me.leolin:ShortcutBadger:1.1.21] AndroidManifest.xml:38:5-92
33-->[me.leolin:ShortcutBadger:1.1.21] AndroidManifest.xml:38:22-89
34    <uses-permission android:name="com.huawei.android.launcher.permission.WRITE_SETTINGS" /> <!-- for ZUK -->
34-->[me.leolin:ShortcutBadger:1.1.21] AndroidManifest.xml:39:5-93
34-->[me.leolin:ShortcutBadger:1.1.21] AndroidManifest.xml:39:22-90
35    <uses-permission android:name="android.permission.READ_APP_BADGE" /> <!-- for OPPO -->
35-->[me.leolin:ShortcutBadger:1.1.21] AndroidManifest.xml:42:5-73
35-->[me.leolin:ShortcutBadger:1.1.21] AndroidManifest.xml:42:22-70
36    <uses-permission android:name="com.oppo.launcher.permission.READ_SETTINGS" />
36-->[me.leolin:ShortcutBadger:1.1.21] AndroidManifest.xml:45:5-82
36-->[me.leolin:ShortcutBadger:1.1.21] AndroidManifest.xml:45:22-79
37    <uses-permission android:name="com.oppo.launcher.permission.WRITE_SETTINGS" /> <!-- for EvMe -->
37-->[me.leolin:ShortcutBadger:1.1.21] AndroidManifest.xml:46:5-83
37-->[me.leolin:ShortcutBadger:1.1.21] AndroidManifest.xml:46:22-80
38    <uses-permission android:name="me.everything.badger.permission.BADGE_COUNT_READ" />
38-->[me.leolin:ShortcutBadger:1.1.21] AndroidManifest.xml:49:5-88
38-->[me.leolin:ShortcutBadger:1.1.21] AndroidManifest.xml:49:22-85
39    <uses-permission android:name="me.everything.badger.permission.BADGE_COUNT_WRITE" />
39-->[me.leolin:ShortcutBadger:1.1.21] AndroidManifest.xml:50:5-89
39-->[me.leolin:ShortcutBadger:1.1.21] AndroidManifest.xml:50:22-86
40    <uses-permission android:name="com.google.android.finsky.permission.BIND_GET_INSTALL_REFERRER_SERVICE" />
40-->[com.google.android.gms:play-services-measurement:17.4.3] AndroidManifest.xml:26:5-110
40-->[com.google.android.gms:play-services-measurement:17.4.3] AndroidManifest.xml:26:22-107
41
42    <application
42-->src\main\AndroidManifest.xml:7:3-21:17
43        android:name="com.dainik.ghazipur.MainApplication"
43-->src\main\AndroidManifest.xml:7:16-47
44        android:allowBackup="false"
44-->src\main\AndroidManifest.xml:7:162-189
45        android:appComponentFactory="androidx.core.app.CoreComponentFactory"
45-->[androidx.core:core:1.1.0] AndroidManifest.xml:24:18-86
46        android:debuggable="true"
47        android:icon="@mipmap/ic_launcher"
47-->src\main\AndroidManifest.xml:7:81-115
48        android:label="@string/app_name"
48-->src\main\AndroidManifest.xml:7:48-80
49        android:roundIcon="@mipmap/ic_launcher_round"
49-->src\main\AndroidManifest.xml:7:116-161
50        android:theme="@style/AppTheme"
50-->src\main\AndroidManifest.xml:7:190-221
51        android:usesCleartextTraffic="true" >
51-->src\debug\AndroidManifest.xml:7:18-53
52        <activity
52-->src\main\AndroidManifest.xml:8:5-13:16
53            android:name="com.dainik.ghazipur.MainActivity"
53-->src\main\AndroidManifest.xml:8:15-43
54            android:configChanges="keyboard|keyboardHidden|orientation|screenSize|uiMode"
54-->src\main\AndroidManifest.xml:8:77-154
55            android:label="@string/app_name"
55-->src\main\AndroidManifest.xml:8:44-76
56            android:launchMode="singleTask"
56-->src\main\AndroidManifest.xml:8:155-186
57            android:windowSoftInputMode="adjustResize" >
57-->src\main\AndroidManifest.xml:8:187-229
58            <intent-filter>
58-->src\main\AndroidManifest.xml:9:7-12:23
59                <action android:name="android.intent.action.MAIN" />
59-->src\main\AndroidManifest.xml:10:9-61
59-->src\main\AndroidManifest.xml:10:17-58
60
61                <category android:name="android.intent.category.LAUNCHER" />
61-->src\main\AndroidManifest.xml:11:9-69
61-->src\main\AndroidManifest.xml:11:19-66
62            </intent-filter>
63        </activity>
64        <activity android:name="com.facebook.react.devsupport.DevSettingsActivity" />
64-->src\main\AndroidManifest.xml:14:5-82
64-->src\main\AndroidManifest.xml:14:15-79
65
66        <service android:name="io.invertase.firebase.messaging.RNFirebaseMessagingService" >
66-->src\main\AndroidManifest.xml:15:5-19:15
66-->src\main\AndroidManifest.xml:15:14-87
67            <intent-filter>
67-->src\main\AndroidManifest.xml:16:7-18:23
68                <action android:name="com.google.firebase.MESSAGING_EVENT" />
68-->src\main\AndroidManifest.xml:17:9-70
68-->src\main\AndroidManifest.xml:17:17-67
69            </intent-filter>
70        </service>
71        <service android:name="io.invertase.firebase.messaging.ReactNativeFirebaseMessagingHeadlessService" />
71-->[:react-native-firebase_messaging] AndroidManifest.xml:16:9-111
71-->[:react-native-firebase_messaging] AndroidManifest.xml:16:18-108
72        <service
72-->[:react-native-firebase_messaging] AndroidManifest.xml:17:9-23:19
73            android:name="io.invertase.firebase.messaging.ReactNativeFirebaseMessagingService"
73-->[:react-native-firebase_messaging] AndroidManifest.xml:18:13-95
74            android:exported="false" >
74-->[:react-native-firebase_messaging] AndroidManifest.xml:19:13-37
75            <intent-filter>
75-->src\main\AndroidManifest.xml:16:7-18:23
76                <action android:name="com.google.firebase.MESSAGING_EVENT" />
76-->src\main\AndroidManifest.xml:17:9-70
76-->src\main\AndroidManifest.xml:17:17-67
77            </intent-filter>
78        </service>
79
80        <receiver
80-->[:react-native-firebase_messaging] AndroidManifest.xml:25:9-32:20
81            android:name="io.invertase.firebase.messaging.ReactNativeFirebaseMessagingReceiver"
81-->[:react-native-firebase_messaging] AndroidManifest.xml:26:13-96
82            android:exported="true"
82-->[:react-native-firebase_messaging] AndroidManifest.xml:27:13-36
83            android:permission="com.google.android.c2dm.permission.SEND" >
83-->[:react-native-firebase_messaging] AndroidManifest.xml:28:13-73
84            <intent-filter>
84-->[:react-native-firebase_messaging] AndroidManifest.xml:29:13-31:29
85                <action android:name="com.google.android.c2dm.intent.RECEIVE" />
85-->[:react-native-firebase_messaging] AndroidManifest.xml:30:17-81
85-->[:react-native-firebase_messaging] AndroidManifest.xml:30:25-78
86            </intent-filter>
87        </receiver>
88
89        <meta-data
89-->[:react-native-firebase_messaging] AndroidManifest.xml:34:9-36:36
90            android:name="firebase_messaging_auto_init_enabled"
90-->[:react-native-firebase_messaging] AndroidManifest.xml:35:13-64
91            android:value="true" />
91-->[:react-native-firebase_messaging] AndroidManifest.xml:36:13-33
92        <meta-data
92-->[:react-native-firebase_messaging] AndroidManifest.xml:37:9-39:32
93            android:name="com.google.firebase.messaging.default_notification_channel_id"
93-->[:react-native-firebase_messaging] AndroidManifest.xml:38:13-89
94            android:value="" />
94-->[:react-native-firebase_messaging] AndroidManifest.xml:39:13-29
95        <meta-data
95-->[:react-native-firebase_messaging] AndroidManifest.xml:40:9-42:47
96            android:name="com.google.firebase.messaging.default_notification_color"
96-->[:react-native-firebase_messaging] AndroidManifest.xml:41:13-84
97            android:resource="@color/white" />
97-->[:react-native-firebase_messaging] AndroidManifest.xml:42:13-44
98
99        <provider
99-->[:react-native-webview] AndroidManifest.xml:12:9-20:20
100            android:name="com.reactnativecommunity.webview.RNCWebViewFileProvider"
100-->[:react-native-webview] AndroidManifest.xml:13:13-83
101            android:authorities="com.dainik.ghazipur.fileprovider"
101-->[:react-native-webview] AndroidManifest.xml:14:13-64
102            android:exported="false"
102-->[:react-native-webview] AndroidManifest.xml:15:13-37
103            android:grantUriPermissions="true" >
103-->[:react-native-webview] AndroidManifest.xml:16:13-47
104            <meta-data
104-->[:react-native-webview] AndroidManifest.xml:17:13-19:63
105                android:name="android.support.FILE_PROVIDER_PATHS"
105-->[:react-native-webview] AndroidManifest.xml:18:17-67
106                android:resource="@xml/file_provider_paths" />
106-->[:react-native-webview] AndroidManifest.xml:19:17-60
107        </provider>
108        <!--
109             FirebaseMessagingService performs security checks at runtime,
110             but set to not exported to explicitly avoid allowing another app to call it.
111        -->
112        <service
112-->[com.google.firebase:firebase-messaging:20.2.1] AndroidManifest.xml:28:9-35:19
113            android:name="com.google.firebase.messaging.FirebaseMessagingService"
113-->[com.google.firebase:firebase-messaging:20.2.1] AndroidManifest.xml:29:13-82
114            android:directBootAware="true"
114-->[com.google.firebase:firebase-messaging:20.2.1] AndroidManifest.xml:30:13-43
115            android:exported="false" >
115-->[com.google.firebase:firebase-messaging:20.2.1] AndroidManifest.xml:31:13-37
116            <intent-filter android:priority="-500" >
116-->src\main\AndroidManifest.xml:16:7-18:23
117                <action android:name="com.google.firebase.MESSAGING_EVENT" />
117-->src\main\AndroidManifest.xml:17:9-70
117-->src\main\AndroidManifest.xml:17:17-67
118            </intent-filter>
119        </service>
120        <service
120-->[com.google.firebase:firebase-messaging:20.2.1] AndroidManifest.xml:36:9-42:19
121            android:name="com.google.firebase.components.ComponentDiscoveryService"
121-->[com.google.firebase:firebase-messaging:20.2.1] AndroidManifest.xml:37:13-84
122            android:directBootAware="true"
122-->[com.google.firebase:firebase-common:19.3.0] AndroidManifest.xml:34:13-43
123            android:exported="false" >
123-->[com.google.firebase:firebase-messaging:20.2.1] AndroidManifest.xml:38:13-37
124            <meta-data
124-->[com.google.firebase:firebase-messaging:20.2.1] AndroidManifest.xml:39:13-41:85
125                android:name="com.google.firebase.components:com.google.firebase.messaging.FirebaseMessagingRegistrar"
125-->[com.google.firebase:firebase-messaging:20.2.1] AndroidManifest.xml:40:17-119
126                android:value="com.google.firebase.components.ComponentRegistrar" />
126-->[com.google.firebase:firebase-messaging:20.2.1] AndroidManifest.xml:41:17-82
127            <meta-data
127-->[com.google.android.gms:play-services-measurement-api:17.4.3] AndroidManifest.xml:30:13-32:85
128                android:name="com.google.firebase.components:com.google.firebase.analytics.connector.internal.AnalyticsConnectorRegistrar"
128-->[com.google.android.gms:play-services-measurement-api:17.4.3] AndroidManifest.xml:31:17-139
129                android:value="com.google.firebase.components.ComponentRegistrar" />
129-->[com.google.android.gms:play-services-measurement-api:17.4.3] AndroidManifest.xml:32:17-82
130            <meta-data
130-->[com.google.firebase:firebase-iid:20.2.1] AndroidManifest.xml:32:13-34:85
131                android:name="com.google.firebase.components:com.google.firebase.iid.Registrar"
131-->[com.google.firebase:firebase-iid:20.2.1] AndroidManifest.xml:33:17-96
132                android:value="com.google.firebase.components.ComponentRegistrar" />
132-->[com.google.firebase:firebase-iid:20.2.1] AndroidManifest.xml:34:17-82
133            <meta-data
133-->[com.google.firebase:firebase-datatransport:17.0.3] AndroidManifest.xml:28:13-30:85
134                android:name="com.google.firebase.components:com.google.firebase.datatransport.TransportRegistrar"
134-->[com.google.firebase:firebase-datatransport:17.0.3] AndroidManifest.xml:29:17-115
135                android:value="com.google.firebase.components.ComponentRegistrar" />
135-->[com.google.firebase:firebase-datatransport:17.0.3] AndroidManifest.xml:30:17-82
136            <meta-data
136-->[com.google.firebase:firebase-installations:16.3.2] AndroidManifest.xml:17:13-19:85
137                android:name="com.google.firebase.components:com.google.firebase.installations.FirebaseInstallationsRegistrar"
137-->[com.google.firebase:firebase-installations:16.3.2] AndroidManifest.xml:18:17-127
138                android:value="com.google.firebase.components.ComponentRegistrar" />
138-->[com.google.firebase:firebase-installations:16.3.2] AndroidManifest.xml:19:17-82
139        </service>
140
141        <receiver
141-->[com.google.firebase:firebase-iid:20.2.1] AndroidManifest.xml:37:9-44:20
142            android:name="com.google.firebase.iid.FirebaseInstanceIdReceiver"
142-->[com.google.firebase:firebase-iid:20.2.1] AndroidManifest.xml:38:13-78
143            android:exported="true"
143-->[com.google.firebase:firebase-iid:20.2.1] AndroidManifest.xml:39:13-36
144            android:permission="com.google.android.c2dm.permission.SEND" >
144-->[com.google.firebase:firebase-iid:20.2.1] AndroidManifest.xml:40:13-73
145            <intent-filter>
145-->[:react-native-firebase_messaging] AndroidManifest.xml:29:13-31:29
146                <action android:name="com.google.android.c2dm.intent.RECEIVE" />
146-->[:react-native-firebase_messaging] AndroidManifest.xml:30:17-81
146-->[:react-native-firebase_messaging] AndroidManifest.xml:30:25-78
147            </intent-filter>
148        </receiver>
149
150        <activity
150-->[com.google.android.gms:play-services-base:17.0.0] AndroidManifest.xml:23:9-26:75
151            android:name="com.google.android.gms.common.api.GoogleApiActivity"
151-->[com.google.android.gms:play-services-base:17.0.0] AndroidManifest.xml:24:13-79
152            android:exported="false"
152-->[com.google.android.gms:play-services-base:17.0.0] AndroidManifest.xml:25:13-37
153            android:theme="@android:style/Theme.Translucent.NoTitleBar" />
153-->[com.google.android.gms:play-services-base:17.0.0] AndroidManifest.xml:26:13-72
154
155        <service
155-->[com.google.android.datatransport:transport-backend-cct:2.2.0] AndroidManifest.xml:29:9-35:19
156            android:name="com.google.android.datatransport.runtime.backends.TransportBackendDiscovery"
156-->[com.google.android.datatransport:transport-backend-cct:2.2.0] AndroidManifest.xml:30:13-103
157            android:exported="false" >
157-->[com.google.android.datatransport:transport-backend-cct:2.2.0] AndroidManifest.xml:31:13-37
158            <meta-data
158-->[com.google.android.datatransport:transport-backend-cct:2.2.0] AndroidManifest.xml:32:13-34:39
159                android:name="backend:com.google.android.datatransport.cct.CctBackendFactory"
159-->[com.google.android.datatransport:transport-backend-cct:2.2.0] AndroidManifest.xml:33:17-94
160                android:value="cct" />
160-->[com.google.android.datatransport:transport-backend-cct:2.2.0] AndroidManifest.xml:34:17-36
161        </service>
162        <service
162-->[com.google.android.datatransport:transport-runtime:2.2.0] AndroidManifest.xml:26:9-30:19
163            android:name="com.google.android.datatransport.runtime.scheduling.jobscheduling.JobInfoSchedulerService"
163-->[com.google.android.datatransport:transport-runtime:2.2.0] AndroidManifest.xml:27:13-117
164            android:exported="false"
164-->[com.google.android.datatransport:transport-runtime:2.2.0] AndroidManifest.xml:28:13-37
165            android:permission="android.permission.BIND_JOB_SERVICE" >
165-->[com.google.android.datatransport:transport-runtime:2.2.0] AndroidManifest.xml:29:13-69
166        </service>
167
168        <receiver
168-->[com.google.android.datatransport:transport-runtime:2.2.0] AndroidManifest.xml:32:9-34:40
169            android:name="com.google.android.datatransport.runtime.scheduling.jobscheduling.AlarmManagerSchedulerBroadcastReceiver"
169-->[com.google.android.datatransport:transport-runtime:2.2.0] AndroidManifest.xml:33:13-132
170            android:exported="false" />
170-->[com.google.android.datatransport:transport-runtime:2.2.0] AndroidManifest.xml:34:13-37
171
172        <provider
172-->[com.google.firebase:firebase-common:19.3.0] AndroidManifest.xml:26:9-30:39
173            android:name="com.google.firebase.provider.FirebaseInitProvider"
173-->[com.google.firebase:firebase-common:19.3.0] AndroidManifest.xml:27:13-77
174            android:authorities="com.dainik.ghazipur.firebaseinitprovider"
174-->[com.google.firebase:firebase-common:19.3.0] AndroidManifest.xml:28:13-72
175            android:exported="false"
175-->[com.google.firebase:firebase-common:19.3.0] AndroidManifest.xml:29:13-37
176            android:initOrder="100" />
176-->[com.google.firebase:firebase-common:19.3.0] AndroidManifest.xml:30:13-36
177
178        <receiver
178-->[com.google.android.gms:play-services-measurement:17.4.3] AndroidManifest.xml:29:9-33:20
179            android:name="com.google.android.gms.measurement.AppMeasurementReceiver"
179-->[com.google.android.gms:play-services-measurement:17.4.3] AndroidManifest.xml:30:13-85
180            android:enabled="true"
180-->[com.google.android.gms:play-services-measurement:17.4.3] AndroidManifest.xml:31:13-35
181            android:exported="false" >
181-->[com.google.android.gms:play-services-measurement:17.4.3] AndroidManifest.xml:32:13-37
182        </receiver>
183
184        <service
184-->[com.google.android.gms:play-services-measurement:17.4.3] AndroidManifest.xml:35:9-38:40
185            android:name="com.google.android.gms.measurement.AppMeasurementService"
185-->[com.google.android.gms:play-services-measurement:17.4.3] AndroidManifest.xml:36:13-84
186            android:enabled="true"
186-->[com.google.android.gms:play-services-measurement:17.4.3] AndroidManifest.xml:37:13-35
187            android:exported="false" />
187-->[com.google.android.gms:play-services-measurement:17.4.3] AndroidManifest.xml:38:13-37
188        <service
188-->[com.google.android.gms:play-services-measurement:17.4.3] AndroidManifest.xml:39:9-43:72
189            android:name="com.google.android.gms.measurement.AppMeasurementJobService"
189-->[com.google.android.gms:play-services-measurement:17.4.3] AndroidManifest.xml:40:13-87
190            android:enabled="true"
190-->[com.google.android.gms:play-services-measurement:17.4.3] AndroidManifest.xml:41:13-35
191            android:exported="false"
191-->[com.google.android.gms:play-services-measurement:17.4.3] AndroidManifest.xml:42:13-37
192            android:permission="android.permission.BIND_JOB_SERVICE" />
192-->[com.google.android.gms:play-services-measurement:17.4.3] AndroidManifest.xml:43:13-69
193
194        <meta-data
194-->[com.google.android.gms:play-services-basement:17.0.0] AndroidManifest.xml:23:9-25:69
195            android:name="com.google.android.gms.version"
195-->[com.google.android.gms:play-services-basement:17.0.0] AndroidManifest.xml:24:13-58
196            android:value="@integer/google_play_services_version" />
196-->[com.google.android.gms:play-services-basement:17.0.0] AndroidManifest.xml:25:13-66
197    </application>
198
199</manifest>